Using pre-set license
Built from '2020.2/release' branch; Version is '2020.2.2f1 (068178b99f32) revision 426360'; Using compiler version '192528614'; Build Type 'Release'
OS: 'Windows 10 Home Single Language; OS build 19042.746; Version 2009; 64bit' Language: 'en' Physical Memory: 16268 MB
BatchMode: 1, IsHumanControllingUs: 0, StartBugReporterOnCrash: 0, Is64bit: 1, IsPro: 0

 COMMAND LINE ARGUMENTS:
C:\Program Files\Unity\Hub\Editor\2020.2.2f1\Editor\Unity.exe
-adb2
-batchMode
-noUpm
-name
AssetImportWorker0
-projectPath
D:/desktop backup/work/FIle/Unity/dropDown
-logFile
Logs/AssetImportWorker0.log
-srvPort
64934
Successfully changed project path to: D:/desktop backup/work/FIle/Unity/dropDown
D:/desktop backup/work/FIle/Unity/dropDown
Using Asset Import Pipeline V2.
Refreshing native plugins compatible for Editor in 40.63 ms, found 0 plugins.
Preloading 0 native plugins for Editor in 0.00 ms.
Initialize engine version: 2020.2.2f1 (068178b99f32)
[Subsystems] Discovering subsystems at path C:/Program Files/Unity/Hub/Editor/2020.2.2f1/Editor/Data/Resources/UnitySubsystems
[Subsystems] Discovering subsystems at path D:/desktop backup/work/FIle/Unity/dropDown/Assets
GfxDevice: creating device client; threaded=0
Direct3D:
    Version:  Direct3D 11.0 [level 11.1]
    Renderer: NVIDIA GeForce GTX 1050 (ID=0x1c8d)
    Vendor:   
    VRAM:     4021 MB
    Driver:   27.21.14.6140
Initialize mono
Mono path[0] = 'C:/Program Files/Unity/Hub/Editor/2020.2.2f1/Editor/Data/Managed'
Mono path[1] = 'C:/Program Files/Unity/Hub/Editor/2020.2.2f1/Editor/Data/MonoBleedingEdge/lib/mono/unityjit'
Mono config path = 'C:/Program Files/Unity/Hub/Editor/2020.2.2f1/Editor/Data/MonoBleedingEdge/etc'
Using monoOptions --debugger-agent=transport=dt_socket,embedding=1,server=y,suspend=n,address=127.0.0.1:56628
Begin MonoManager ReloadAssembly
Registering precompiled unity dll's ...
Register platform support module: C:/Program Files/Unity/Hub/Editor/2020.2.2f1/Editor/Data/PlaybackEngines/WindowsStandaloneSupport/UnityEditor.WindowsStandalone.Extensions.dll
Registered in 0.002946 seconds.
Native extension for WindowsStandalone target not found
Refreshing native plugins compatible for Editor in 46.06 ms, found 0 plugins.
Preloading 0 native plugins for Editor in 0.00 ms.
Invoked RoslynAnalysisRunner static constructor.
RoslynAnalysisRunner will not be running.
RoslynAnalysisRunner has terminated.
Mono: successfully reloaded assembly
- Completed reload, in  3.088 seconds
Platform modules already initialized, skipping
Registering precompiled user dll's ...
Registered in 0.002100 seconds.
Begin MonoManager ReloadAssembly
Native extension for WindowsStandalone target not found
Refreshing native plugins compatible for Editor in 0.66 ms, found 0 plugins.
Preloading 0 native plugins for Editor in 0.00 ms.
Invoked RoslynAnalysisRunner static constructor.
RoslynAnalysisRunner will not be running.
RoslynAnalysisRunner has terminated.
Mono: successfully reloaded assembly
- Completed reload, in  1.220 seconds
Platform modules already initialized, skipping
========================================================================
Worker process is ready to serve import requests
Launched and connected shader compiler UnityShaderCompiler.exe after 0.05 seconds
Refreshing native plugins compatible for Editor in 0.40 ms, found 0 plugins.
Preloading 0 native plugins for Editor in 0.00 ms.
Unloading 1378 Unused Serialized files (Serialized files now loaded: 0)
System memory in use before: 64.0 MB.
System memory in use after: 64.1 MB.

Unloading 33 unused Assets to reduce memory usage. Loaded Objects now: 1807.
Total: 2.604800 ms (FindLiveObjects: 0.197100 ms CreateObjectMapping: 0.068600 ms MarkObjects: 2.248700 ms  DeleteObjects: 0.088900 ms)

========================================================================
Received Import Request.
  path: Assets/Sprite/Map/Floor_3_1.png
  artifactKey: Guid(c2ad092a213a0d245871c327b6b2d569) Importer(815301076,1909f56bfc062723c751e8b465ee728b)
Start importing Assets/Sprite/Map/Floor_3_1.png using Guid(c2ad092a213a0d245871c327b6b2d569) Importer(815301076,1909f56bfc062723c751e8b465ee728b)  -> (artifact id: '1ac4925c6ce8a407b8a0e548c0344978') in 0.171834 seconds
  Import took 0.175132 seconds .

========================================================================
Received Import Request.
  Time since last request: 0.000289 seconds.
  path: Assets/Sprite/Map/Floor_3.png
  artifactKey: Guid(ac9129d60d8bf9c40ac063fadb9b86aa) Importer(815301076,1909f56bfc062723c751e8b465ee728b)
Start importing Assets/Sprite/Map/Floor_3.png using Guid(ac9129d60d8bf9c40ac063fadb9b86aa) Importer(815301076,1909f56bfc062723c751e8b465ee728b)  -> (artifact id: 'c79ddb945a9d6f3057ad03f90529924b') in 0.021683 seconds
  Import took 0.024165 seconds .

========================================================================
Received Import Request.
  Time since last request: 0.945619 seconds.
  path: Assets/Sprite/Map/Floor_3.png
  artifactKey: Guid(ac9129d60d8bf9c40ac063fadb9b86aa) Importer(815301076,1909f56bfc062723c751e8b465ee728b)
Start importing Assets/Sprite/Map/Floor_3.png using Guid(ac9129d60d8bf9c40ac063fadb9b86aa) Importer(815301076,1909f56bfc062723c751e8b465ee728b)  -> (artifact id: 'c79ddb945a9d6f3057ad03f90529924b') in 0.031437 seconds
  Import took 0.034458 seconds .

========================================================================
Received Import Request.
  Time since last request: 1.106614 seconds.
  path: Assets/Sprite/Map/Floor_3.png
  artifactKey: Guid(ac9129d60d8bf9c40ac063fadb9b86aa) Importer(815301076,1909f56bfc062723c751e8b465ee728b)
Start importing Assets/Sprite/Map/Floor_3.png using Guid(ac9129d60d8bf9c40ac063fadb9b86aa) Importer(815301076,1909f56bfc062723c751e8b465ee728b)  -> (artifact id: '340cf378e55e9888c81a8413224d9675') in 0.020080 seconds
  Import took 0.023731 seconds .

========================================================================
Received Import Request.
  Time since last request: 0.000276 seconds.
  path: Assets/Sprite/Map/Floor_3_1.png
  artifactKey: Guid(c2ad092a213a0d245871c327b6b2d569) Importer(815301076,1909f56bfc062723c751e8b465ee728b)
Start importing Assets/Sprite/Map/Floor_3_1.png using Guid(c2ad092a213a0d245871c327b6b2d569) Importer(815301076,1909f56bfc062723c751e8b465ee728b)  -> (artifact id: '8e3da16c0f438870355eba6cf2e5e4ae') in 0.026169 seconds
  Import took 0.029930 seconds .

========================================================================
Received Import Request.
  Time since last request: 73.858484 seconds.
  path: Assets/Sprite/Map/Floor_3.png
  artifactKey: Guid(ac9129d60d8bf9c40ac063fadb9b86aa) Importer(815301076,1909f56bfc062723c751e8b465ee728b)
Start importing Assets/Sprite/Map/Floor_3.png using Guid(ac9129d60d8bf9c40ac063fadb9b86aa) Importer(815301076,1909f56bfc062723c751e8b465ee728b)  -> (artifact id: '7154ea70ed0c847b9634667fa480e43c') in 0.017523 seconds
  Import took 0.021332 seconds .

========================================================================
Received Import Request.
  Time since last request: 0.009076 seconds.
  path: Assets/Sprite/Map/Floor_3.png
  artifactKey: Guid(ac9129d60d8bf9c40ac063fadb9b86aa) Importer(815301076,1909f56bfc062723c751e8b465ee728b)
Start importing Assets/Sprite/Map/Floor_3.png using Guid(ac9129d60d8bf9c40ac063fadb9b86aa) Importer(815301076,1909f56bfc062723c751e8b465ee728b)  -> (artifact id: '7154ea70ed0c847b9634667fa480e43c') in 0.021736 seconds
  Import took 0.026586 seconds .

========================================================================
Received Import Request.
  Time since last request: 0.000267 seconds.
  path: Assets/Sprite/Map/Floor_3_1.png
  artifactKey: Guid(c2ad092a213a0d245871c327b6b2d569) Importer(815301076,1909f56bfc062723c751e8b465ee728b)
Start importing Assets/Sprite/Map/Floor_3_1.png using Guid(c2ad092a213a0d245871c327b6b2d569) Importer(815301076,1909f56bfc062723c751e8b465ee728b)  -> (artifact id: '09fcaa300474453c3fd5eecd5e58ce01') in 0.015251 seconds
  Import took 0.018597 seconds .

========================================================================
Received Import Request.
  Time since last request: 103.877574 seconds.
  path: Assets/Prefab/Canvas.prefab
  artifactKey: Guid(b417ae10f0f8def4f8e9ff74ad2776ea) Importer(815301076,1909f56bfc062723c751e8b465ee728b)
Start importing Assets/Prefab/Canvas.prefab using Guid(b417ae10f0f8def4f8e9ff74ad2776ea) Importer(815301076,1909f56bfc062723c751e8b465ee728b)  -> (artifact id: 'd704cbaa6773aebb4a108b38fdb5b228') in 0.046579 seconds
  Import took 0.049583 seconds .

========================================================================
Received Import Request.
  Time since last request: 0.000316 seconds.
  path: Assets/Prefab/Map.prefab
  artifactKey: Guid(42d1031e5318d744e9eef38bd1ed8753) Importer(815301076,1909f56bfc062723c751e8b465ee728b)
Start importing Assets/Prefab/Map.prefab using Guid(42d1031e5318d744e9eef38bd1ed8753) Importer(815301076,1909f56bfc062723c751e8b465ee728b)  -> (artifact id: 'fd5149e21da5511819636abaaf9970a8') in 0.066060 seconds
  Import took 0.068651 seconds .

========================================================================
Received Import Request.
  Time since last request: 10.473278 seconds.
  path: Assets/Prefab/Map.prefab
  artifactKey: Guid(42d1031e5318d744e9eef38bd1ed8753) Importer(815301076,1909f56bfc062723c751e8b465ee728b)
Start importing Assets/Prefab/Map.prefab using Guid(42d1031e5318d744e9eef38bd1ed8753) Importer(815301076,1909f56bfc062723c751e8b465ee728b)  -> (artifact id: 'ceaccd0595dadb6620051e224475fa74') in 0.017419 seconds
  Import took 0.021965 seconds .

AssetImportWorkerClient::OnTransportError - code=2 error=End of file
